
Showing logs for build [32mcb-kubecd-environment-pr-187-14-6f8mc-1[0m stage [32mfrom-build-pack[0m and container [32mstep-credential-initializer-wh8k4[0m
{"level":"warn","ts":1585028478.6769447,"logger":"fallback-logger","caller":"logging/config.go:69","msg":"Fetch GitHub commit ID from kodata failed: \"ref: refs/heads/0.8.0-**-support-backwards-incompats\" is not a valid GitHub commit ID"}
{"level":"info","ts":1585028478.678025,"logger":"fallback-logger","caller":"creds-init/main.go:40","msg":"Credentials initialized."}

Showing logs for build [32mcb-kubecd-environment-pr-187-14-6f8mc-1[0m stage [32mfrom-build-pack[0m and container [32mstep-working-dir-initializer-7vx9g[0m
{"level":"warn","ts":1585028479.3162189,"logger":"fallback-logger","caller":"logging/config.go:69","msg":"Fetch GitHub commit ID from kodata failed: open /var/run/ko/HEAD: no such file or directory"}
{"level":"info","ts":1585028479.3176084,"logger":"fallback-logger","caller":"bash/main.go:64","msg":"Successfully executed command \"sh -c mkdir -p /workspace/source\"; output "}

Showing logs for build [32mcb-kubecd-environment-pr-187-14-6f8mc-1[0m stage [32mfrom-build-pack[0m and container [32mstep-place-tools[0m

Showing logs for build [32mcb-kubecd-environment-pr-187-14-6f8mc-1[0m stage [32mfrom-build-pack[0m and container [32mstep-git-source-cb-kubecd-environment-pr-187-14-6f8mc-dqwxl[0m
{"level":"warn","ts":1585028483.5146084,"logger":"fallback-logger","caller":"logging/config.go:69","msg":"Fetch GitHub commit ID from kodata failed: \"ref: refs/heads/0.8.0-**-support-backwards-incompats\" is not a valid GitHub commit ID"}
{"level":"info","ts":1585028484.5387478,"logger":"fallback-logger","caller":"git/git.go:103","msg":"Successfully cloned https://github.com/cb-kubecd/environment-pr-187-149-boot-gke-staging.git @ master in path /workspace/source"}

Showing logs for build [32mcb-kubecd-environment-pr-187-14-6f8mc-1[0m stage [32mfrom-build-pack[0m and container [32mstep-git-merge[0m
Using SHAs from PULL_REFS=master:bc51cdc0a68407a970a1d709fdb33fd74d5de70c,7:18926264cf0cbef64358f7203a9c2cf4d989d0b3
DEBUG: LC_ALL=C JX_LOG_LEVEL=error git fetch origin --unshallow 18926264cf0cbef64358f7203a9c2cf4d989d0b3: bc51cdc0a68407a970a1d709fdb33fd74d5de70c:
DEBUG: ran git fetch --unshallow origin 18926264cf0cbef64358f7203a9c2cf4d989d0b3: bc51cdc0a68407a970a1d709fdb33fd74d5de70c: in 
DEBUG: LC_ALL=C JX_LOG_LEVEL=error git branch
DEBUG: LC_ALL=C JX_LOG_LEVEL=error git checkout master
DEBUG: ran git checkout master in 
DEBUG: LC_ALL=C JX_LOG_LEVEL=error git reset --hard bc51cdc0a68407a970a1d709fdb33fd74d5de70c
DEBUG: ran git reset --hard bc51cdc0a68407a970a1d709fdb33fd74d5de70c in 
DEBUG: LC_ALL=C JX_LOG_LEVEL=error git clean -fd .
DEBUG: ran clean --force -d . in 
DEBUG: LC_ALL=C JX_LOG_LEVEL=error git merge 18926264cf0cbef64358f7203a9c2cf4d989d0b3
DEBUG: ran git merge 18926264cf0cbef64358f7203a9c2cf4d989d0b3 in 
DEBUG: JX_LOG_LEVEL=error LC_ALL=C git log --format=%H%x1f%an%x1f%ae%x1f%cn%x1f%ce%x1f%s%n%b%x1e bc51cdc0a68407a970a1d709fdb33fd74d5de70c..HEAD
Merged SHA 18926264cf0cbef64358f7203a9c2cf4d989d0b3 with commit message 'chore: Promote bdd-nh-import-1585027218 to version 0.0.1' into base branch master

Showing logs for build [32mcb-kubecd-environment-pr-187-14-6f8mc-1[0m stage [32mfrom-build-pack[0m and container [32mstep-build-helm-build[0m
WARNING: No $CHART_REPOSITORY defined so using the default value of: http://jenkins-x-chartmuseum:8080
Adding missing Helm repo: storage.googleapis.com https://storage.googleapis.com/chartmuseum.jenkins-x.io
WARNING: No secrets found on "helm/repos" due: reading the secret "helm/repos" from vault: no secret "helm/repos" not found in vault
Read credentials for https://storage.googleapis.com/chartmuseum.jenkins-x.io from vault helm/repos
Successfully added Helm repository storage.googleapis.com.
Adding missing Helm repo: jenkins-x-chartmuseum http://jenkins-x-chartmuseum:8080
WARNING: No secrets found on "helm/repos" due: reading the secret "helm/repos" from vault: no secret "helm/repos" not found in vault
Read credentials for http://jenkins-x-chartmuseum:8080 from vault helm/repos
Successfully added Helm repository jenkins-x-chartmuseum.
WARNING: No $CHART_REPOSITORY defined so using the default value of: http://jenkins-x-chartmuseum:8080
Adding missing Helm repo: chartmuseum.jenkins-x.io http://chartmuseum.jenkins-x.io
WARNING: No secrets found on "helm/repos" due: reading the secret "helm/repos" from vault: no secret "helm/repos" not found in vault
Read credentials for http://chartmuseum.jenkins-x.io from vault helm/repos
Successfully added Helm repository chartmuseum.jenkins-x.io.
